<?xml version="1.0" encoding="UTF-8"?>
<!-- Generated by org.testng.reporters.JUnitReportReporter -->
<testsuite skipped="0" hostname="AnchalT" name="au.com.carsguide.AppTest" tests="1" failures="0" timestamp="15 Dec 2021 23:31:21 GMT" time="0.008" errors="0">
  <testcase name="shouldAnswerWithTrue" time="0.008" classname="au.com.carsguide.AppTest"/>
</testsuite> <!-- au.com.carsguide.AppTest -->
